🚀 Starting Hydrabase monitor...
📊 Check interval: 30s
🔍 Checking node status...
✅ Node online: Anonymous (0x00789f...)
📊 Daily stats: 101 checks, 45 min uptime
📡 Bandwidth: ↓25.3 KB ↑20 KB
✅ Monitor running - press Ctrl+C to stop
🔍 Checking node status...
✅ Node online: Anonymous (0x00789f...)
📊 Daily stats: 102 checks, 46 min uptime
📡 Bandwidth: ↓196 KB ↑713 KB
🔍 Checking node status...
✅ Node online: Anonymous (0x00789f...)
📊 Daily stats: 103 checks, 46 min uptime
📡 Bandwidth: ↓204 KB ↑732 KB
🔍 Checking node status...
✅ Node online: Anonymous (0x00789f...)
📊 Daily stats: 104 checks, 47 min uptime
📡 Bandwidth: ↓228 KB ↑1.4 MB
🔍 Checking node status...
✅ Node online: Anonymous (0x00789f...)
📊 Daily stats: 105 checks, 47 min uptime
📡 Bandwidth: ↓245 KB ↑2 MB
🔍 Checking node status...
✅ Node online: Anonymous (0x00789f...)
📊 Daily stats: 106 checks, 48 min uptime
📡 Bandwidth: ↓276 KB ↑2.7 MB
🔍 Checking node status...
✅ Node online: Anonymous (0x00789f...)
📊 Daily stats: 107 checks, 48 min uptime
📡 Bandwidth: ↓280 KB ↑2.7 MB
🔍 Checking node status...
✅ Node online: Anonymous (0x00789f...)
📊 Daily stats: 108 checks, 49 min uptime
📡 Bandwidth: ↓285 KB ↑2.7 MB
🔍 Checking node status...
✅ Node online: Anonymous (0x00789f...)
📊 Daily stats: 109 checks, 49 min uptime
📡 Bandwidth: ↓290 KB ↑2.7 MB
🔍 Checking node status...
✅ Node online: Anonymous (0x00789f...)
📊 Daily stats: 110 checks, 50 min uptime
📡 Bandwidth: ↓294 KB ↑2.8 MB
🔍 Checking node status...
✅ Node online: Anonymous (0x00789f...)
📊 Daily stats: 111 checks, 50 min uptime
📡 Bandwidth: ↓299 KB ↑2.8 MB
🔍 Checking node status...
✅ Node online: Anonymous (0x00789f...)
📊 Daily stats: 112 checks, 51 min uptime
📡 Bandwidth: ↓305 KB ↑2.8 MB
🔍 Checking node status...
✅ Node online: Anonymous (0x00789f...)
📊 Daily stats: 113 checks, 51 min uptime
📡 Bandwidth: ↓310 KB ↑2.8 MB
🔍 Checking node status...
✅ Node online: Anonymous (0x00789f...)
📊 Daily stats: 114 checks, 52 min uptime
📡 Bandwidth: ↓315 KB ↑2.8 MB
🔍 Checking node status...
✅ Node online: Anonymous (0x00789f...)
📊 Daily stats: 115 checks, 52 min uptime
📡 Bandwidth: ↓320 KB ↑2.8 MB
🔍 Checking node status...
✅ Node online: Anonymous (0x00789f...)
📊 Daily stats: 116 checks, 53 min uptime
📡 Bandwidth: ↓324 KB ↑2.8 MB
🔍 Checking node status...
✅ Node online: Anonymous (0x00789f...)
📊 Daily stats: 117 checks, 53 min uptime
📡 Bandwidth: ↓329 KB ↑2.8 MB
🔍 Checking node status...
✅ Node online: Anonymous (0x00789f...)
📊 Daily stats: 118 checks, 54 min uptime
📡 Bandwidth: ↓333 KB ↑2.8 MB
🔍 Checking node status...
✅ Node online: Anonymous (0x00789f...)
📊 Daily stats: 119 checks, 54 min uptime
📡 Bandwidth: ↓339 KB ↑2.9 MB
🔍 Checking node status...
✅ Node online: Anonymous (0x00789f...)
📊 Daily stats: 120 checks, 55 min uptime
📡 Bandwidth: ↓345 KB ↑2.9 MB
🔍 Checking node status...
✅ Node online: Anonymous (0x00789f...)
📊 Daily stats: 121 checks, 55 min uptime
📡 Bandwidth: ↓350 KB ↑2.9 MB
🔍 Checking node status...
✅ Node online: Anonymous (0x00789f...)
📊 Daily stats: 122 checks, 56 min uptime
📡 Bandwidth: ↓355 KB ↑2.9 MB
🔍 Checking node status...
✅ Node online: Anonymous (0x00789f...)
📊 Daily stats: 123 checks, 56 min uptime
📡 Bandwidth: ↓360 KB ↑2.9 MB
🔍 Checking node status...
✅ Node online: Anonymous (0x00789f...)
📊 Daily stats: 124 checks, 57 min uptime
📡 Bandwidth: ↓366 KB ↑2.9 MB
🔍 Checking node status...
✅ Node online: Anonymous (0x00789f...)
📊 Daily stats: 125 checks, 57 min uptime
📡 Bandwidth: ↓372 KB ↑2.9 MB
🔍 Checking node status...
✅ Node online: Anonymous (0x00789f...)
📊 Daily stats: 126 checks, 58 min uptime
📡 Bandwidth: ↓378 KB ↑2.9 MB
🔍 Checking node status...
✅ Node online: Anonymous (0x00789f...)
📊 Daily stats: 127 checks, 58 min uptime
📡 Bandwidth: ↓382 KB ↑2.9 MB
🔍 Checking node status...
✅ Node online: Anonymous (0x00789f...)
📊 Daily stats: 128 checks, 59 min uptime
📡 Bandwidth: ↓385 KB ↑3 MB
🔍 Checking node status...
✅ Node online: Anonymous (0x00789f...)
📊 Daily stats: 129 checks, 59 min uptime
📡 Bandwidth: ↓390 KB ↑3 MB
🔍 Checking node status...
✅ Node online: Anonymous (0x00789f...)
📊 Daily stats: 130 checks, 60 min uptime
📡 Bandwidth: ↓394 KB ↑3 MB
🔍 Checking node status...
✅ Node online: Anonymous (0x00789f...)
📊 Daily stats: 131 checks, 60 min uptime
📡 Bandwidth: ↓399 KB ↑3 MB
🔍 Checking node status...
✅ Node online: Anonymous (0x00789f...)
📊 Daily stats: 132 checks, 61 min uptime
📡 Bandwidth: ↓413 KB ↑3 MB
🔍 Checking node status...
✅ Node online: Anonymous (0x00789f...)
📊 Daily stats: 133 checks, 61 min uptime
📡 Bandwidth: ↓419 KB ↑3 MB
🔍 Checking node status...
✅ Node online: Anonymous (0x00789f...)
📊 Daily stats: 134 checks, 62 min uptime
📡 Bandwidth: ↓425 KB ↑3 MB
🔍 Checking node status...
✅ Node online: Anonymous (0x00789f...)
📊 Daily stats: 135 checks, 62 min uptime
📡 Bandwidth: ↓429 KB ↑3 MB
🔍 Checking node status...
✅ Node online: Anonymous (0x00789f...)
📊 Daily stats: 136 checks, 63 min uptime
📡 Bandwidth: ↓435 KB ↑3 MB
🔍 Checking node status...
✅ Node online: Anonymous (0x00789f...)
📊 Daily stats: 137 checks, 63 min uptime
📡 Bandwidth: ↓441 KB ↑3.1 MB
🔍 Checking node status...
✅ Node online: Anonymous (0x00789f...)
📊 Daily stats: 138 checks, 64 min uptime
📡 Bandwidth: ↓447 KB ↑3.1 MB
🔍 Checking node status...
✅ Node online: Anonymous (0x00789f...)
📊 Daily stats: 139 checks, 64 min uptime
📡 Bandwidth: ↓452 KB ↑3.1 MB
🔍 Checking node status...
✅ Node online: Anonymous (0x00789f...)
📊 Daily stats: 140 checks, 65 min uptime
📡 Bandwidth: ↓457 KB ↑3.1 MB
🔍 Checking node status...
✅ Node online: Anonymous (0x00789f...)
📊 Daily stats: 141 checks, 65 min uptime
📡 Bandwidth: ↓463 KB ↑3.1 MB
🔍 Checking node status...
✅ Node online: Anonymous (0x00789f...)
📊 Daily stats: 142 checks, 66 min uptime
📡 Bandwidth: ↓468 KB ↑3.1 MB
🔍 Checking node status...
✅ Node online: Anonymous (0x00789f...)
📊 Daily stats: 143 checks, 66 min uptime
📡 Bandwidth: ↓473 KB ↑3.1 MB
🔍 Checking node status...
✅ Node online: Anonymous (0x00789f...)
📊 Daily stats: 144 checks, 67 min uptime
📡 Bandwidth: ↓479 KB ↑3.1 MB
🔍 Checking node status...
✅ Node online: Anonymous (0x00789f...)
📊 Daily stats: 145 checks, 67 min uptime
📡 Bandwidth: ↓485 KB ↑3.1 MB
🔍 Checking node status...
✅ Node online: Anonymous (0x00789f...)
📊 Daily stats: 146 checks, 68 min uptime
📡 Bandwidth: ↓491 KB ↑3.2 MB
🔍 Checking node status...
✅ Node online: Anonymous (0x00789f...)
📊 Daily stats: 147 checks, 68 min uptime
📡 Bandwidth: ↓495 KB ↑3.2 MB
🔍 Checking node status...
✅ Node online: Anonymous (0x00789f...)
📊 Daily stats: 148 checks, 69 min uptime
📡 Bandwidth: ↓500 KB ↑3.2 MB
🔍 Checking node status...
✅ Node online: Anonymous (0x00789f...)
📊 Daily stats: 149 checks, 69 min uptime
📡 Bandwidth: ↓504 KB ↑3.2 MB
🔍 Checking node status...
✅ Node online: Anonymous (0x00789f...)
📊 Daily stats: 150 checks, 70 min uptime
📡 Bandwidth: ↓508 KB ↑3.2 MB
🔍 Checking node status...
✅ Node online: Anonymous (0x00789f...)
📊 Daily stats: 151 checks, 70 min uptime
📡 Bandwidth: ↓512 KB ↑3.2 MB
🔍 Checking node status...
✅ Node online: Anonymous (0x00789f...)
📊 Daily stats: 152 checks, 71 min uptime
📡 Bandwidth: ↓517 KB ↑3.2 MB
🔍 Checking node status...
✅ Node online: Anonymous (0x00789f...)
📊 Daily stats: 153 checks, 71 min uptime
📡 Bandwidth: ↓522 KB ↑3.2 MB
🔍 Checking node status...
✅ Node online: Anonymous (0x00789f...)
📊 Daily stats: 154 checks, 72 min uptime
📡 Bandwidth: ↓546 KB ↑3.9 MB
🔍 Checking node status...
✅ Node online: Anonymous (0x00789f...)
📊 Daily stats: 155 checks, 72 min uptime
📡 Bandwidth: ↓553 KB ↑3.9 MB
🔍 Checking node status...
✅ Node online: Anonymous (0x00789f...)
📊 Daily stats: 156 checks, 73 min uptime
📡 Bandwidth: ↓558 KB ↑3.9 MB
🔍 Checking node status...
✅ Node online: Anonymous (0x00789f...)
📊 Daily stats: 157 checks, 73 min uptime
📡 Bandwidth: ↓562 KB ↑3.9 MB
🔍 Checking node status...
✅ Node online: Anonymous (0x00789f...)
📊 Daily stats: 158 checks, 74 min uptime
📡 Bandwidth: ↓567 KB ↑3.9 MB
🔍 Checking node status...
✅ Node online: Anonymous (0x00789f...)
📊 Daily stats: 159 checks, 74 min uptime
📡 Bandwidth: ↓572 KB ↑4 MB
🔍 Checking node status...
✅ Node online: Anonymous (0x00789f...)
📊 Daily stats: 160 checks, 75 min uptime
📡 Bandwidth: ↓599 KB ↑4.6 MB
🔍 Checking node status...
✅ Node online: Anonymous (0x00789f...)
📊 Daily stats: 161 checks, 75 min uptime
📡 Bandwidth: ↓604 KB ↑4.6 MB
🔍 Checking node status...
✅ Node online: Anonymous (0x00789f...)
📊 Daily stats: 162 checks, 76 min uptime
📡 Bandwidth: ↓615 KB ↑4.6 MB
🔍 Checking node status...
✅ Node online: Anonymous (0x00789f...)
📊 Daily stats: 163 checks, 76 min uptime
📡 Bandwidth: ↓619 KB ↑4.7 MB
🔍 Checking node status...
✅ Node online: Anonymous (0x00789f...)
📊 Daily stats: 164 checks, 77 min uptime
📡 Bandwidth: ↓625 KB ↑4.7 MB
🔍 Checking node status...
✅ Node online: Anonymous (0x00789f...)
📊 Daily stats: 165 checks, 77 min uptime
📡 Bandwidth: ↓631 KB ↑4.7 MB
🔍 Checking node status...
✅ Node online: Anonymous (0x00789f...)
📊 Daily stats: 166 checks, 78 min uptime
📡 Bandwidth: ↓637 KB ↑4.7 MB
🔍 Checking node status...
✅ Node online: Anonymous (0x00789f...)
📊 Daily stats: 167 checks, 78 min uptime
📡 Bandwidth: ↓642 KB ↑4.7 MB
🔍 Checking node status...
✅ Node online: Anonymous (0x00789f...)
📊 Daily stats: 168 checks, 79 min uptime
📡 Bandwidth: ↓647 KB ↑4.7 MB
🔍 Checking node status...
✅ Node online: Anonymous (0x00789f...)
📊 Daily stats: 169 checks, 79 min uptime
📡 Bandwidth: ↓653 KB ↑4.7 MB
🔍 Checking node status...
✅ Node online: Anonymous (0x00789f...)
📊 Daily stats: 170 checks, 80 min uptime
📡 Bandwidth: ↓659 KB ↑4.7 MB
🔍 Checking node status...
✅ Node online: Anonymous (0x00789f...)
📊 Daily stats: 171 checks, 80 min uptime
📡 Bandwidth: ↓665 KB ↑4.7 MB
🔍 Checking node status...
✅ Node online: Anonymous (0x00789f...)
📊 Daily stats: 172 checks, 81 min uptime
📡 Bandwidth: ↓670 KB ↑4.8 MB
🔍 Checking node status...
✅ Node online: Anonymous (0x00789f...)
📊 Daily stats: 173 checks, 81 min uptime
📡 Bandwidth: ↓675 KB ↑4.8 MB
🔍 Checking node status...
❌ Node offline or unreachable: Unable to connect. Is the computer able to access the url?
🔍 Checking node status...
✅ Node online: Anonymous (0x00789f...)
📊 Daily stats: 174 checks, 82 min uptime
📡 Bandwidth: ↓156 KB ↑38.2 KB
🔍 Checking node status...
✅ Node online: Anonymous (0x00789f...)
📊 Daily stats: 175 checks, 82 min uptime
📡 Bandwidth: ↓164 KB ↑61.9 KB
🔍 Checking node status...
✅ Node online: Anonymous (0x00789f...)
📊 Daily stats: 176 checks, 83 min uptime
📡 Bandwidth: ↓170 KB ↑79.6 KB
🔍 Checking node status...
✅ Node online: Anonymous (0x00789f...)
📊 Daily stats: 177 checks, 83 min uptime
📡 Bandwidth: ↓174 KB ↑90.3 KB
🔍 Checking node status...
✅ Node online: Anonymous (0x00789f...)
📊 Daily stats: 178 checks, 84 min uptime
📡 Bandwidth: ↓178 KB ↑100 KB
🔍 Checking node status...
✅ Node online: Anonymous (0x00789f...)
📊 Daily stats: 179 checks, 84 min uptime
📡 Bandwidth: ↓183 KB ↑111 KB
🔍 Checking node status...
✅ Node online: Anonymous (0x00789f...)
📊 Daily stats: 180 checks, 85 min uptime
📡 Bandwidth: ↓188 KB ↑122 KB
🔍 Checking node status...
✅ Node online: Anonymous (0x00789f...)
📊 Daily stats: 181 checks, 85 min uptime
📡 Bandwidth: ↓195 KB ↑133 KB
🔍 Checking node status...
✅ Node online: Anonymous (0x00789f...)
📊 Daily stats: 182 checks, 86 min uptime
📡 Bandwidth: ↓200 KB ↑144 KB
🔍 Checking node status...
✅ Node online: Anonymous (0x00789f...)
📊 Daily stats: 183 checks, 86 min uptime
📡 Bandwidth: ↓204 KB ↑155 KB
🔍 Checking node status...
✅ Node online: Anonymous (0x00789f...)
📊 Daily stats: 184 checks, 87 min uptime
📡 Bandwidth: ↓210 KB ↑166 KB
🔍 Checking node status...
✅ Node online: Anonymous (0x00789f...)
📊 Daily stats: 185 checks, 87 min uptime
📡 Bandwidth: ↓216 KB ↑177 KB
🔍 Checking node status...
✅ Node online: Anonymous (0x00789f...)
📊 Daily stats: 186 checks, 88 min uptime
📡 Bandwidth: ↓222 KB ↑188 KB
🔍 Checking node status...
✅ Node online: Anonymous (0x00789f...)
📊 Daily stats: 187 checks, 88 min uptime
📡 Bandwidth: ↓227 KB ↑199 KB
🔍 Checking node status...
✅ Node online: Anonymous (0x00789f...)
📊 Daily stats: 188 checks, 89 min uptime
📡 Bandwidth: ↓231 KB ↑209 KB
🔍 Checking node status...
✅ Node online: Anonymous (0x00789f...)
📊 Daily stats: 189 checks, 89 min uptime
📡 Bandwidth: ↓236 KB ↑220 KB
🔍 Checking node status...
✅ Node online: Anonymous (0x00789f...)
📊 Daily stats: 190 checks, 90 min uptime
📡 Bandwidth: ↓239 KB ↑230 KB
🔍 Checking node status...
✅ Node online: Anonymous (0x00789f...)
📊 Daily stats: 191 checks, 90 min uptime
📡 Bandwidth: ↓245 KB ↑241 KB
🔍 Checking node status...
✅ Node online: Anonymous (0x00789f...)
📊 Daily stats: 192 checks, 91 min uptime
📡 Bandwidth: ↓250 KB ↑252 KB
🔍 Checking node status...
✅ Node online: Anonymous (0x00789f...)
📊 Daily stats: 193 checks, 91 min uptime
📡 Bandwidth: ↓256 KB ↑263 KB
🔍 Checking node status...
✅ Node online: Anonymous (0x00789f...)
📊 Daily stats: 194 checks, 92 min uptime
📡 Bandwidth: ↓262 KB ↑274 KB
🔍 Checking node status...
✅ Node online: Anonymous (0x00789f...)
📊 Daily stats: 195 checks, 92 min uptime
📡 Bandwidth: ↓266 KB ↑285 KB
🔍 Checking node status...
✅ Node online: Anonymous (0x00789f...)
📊 Daily stats: 196 checks, 93 min uptime
📡 Bandwidth: ↓271 KB ↑295 KB
🔍 Checking node status...
✅ Node online: Anonymous (0x00789f...)
📊 Daily stats: 197 checks, 93 min uptime
📡 Bandwidth: ↓276 KB ↑306 KB
🔍 Checking node status...
✅ Node online: Anonymous (0x00789f...)
📊 Daily stats: 198 checks, 94 min uptime
📡 Bandwidth: ↓280 KB ↑316 KB
🔍 Checking node status...
✅ Node online: Anonymous (0x00789f...)
📊 Daily stats: 199 checks, 94 min uptime
📡 Bandwidth: ↓285 KB ↑327 KB
🔍 Checking node status...
✅ Node online: Anonymous (0x00789f...)
📊 Daily stats: 200 checks, 95 min uptime
📡 Bandwidth: ↓290 KB ↑338 KB
🔍 Checking node status...
✅ Node online: Anonymous (0x00789f...)
📊 Daily stats: 201 checks, 95 min uptime
📡 Bandwidth: ↓295 KB ↑349 KB
🔍 Checking node status...
✅ Node online: Anonymous (0x00789f...)
📊 Daily stats: 202 checks, 96 min uptime
📡 Bandwidth: ↓302 KB ↑360 KB
🔍 Checking node status...
✅ Node online: Anonymous (0x00789f...)
📊 Daily stats: 203 checks, 96 min uptime
📡 Bandwidth: ↓306 KB ↑371 KB
🔍 Checking node status...
✅ Node online: Anonymous (0x00789f...)
📊 Daily stats: 204 checks, 97 min uptime
📡 Bandwidth: ↓319 KB ↑390 KB
🔍 Checking node status...
✅ Node online: Anonymous (0x00789f...)
📊 Daily stats: 205 checks, 97 min uptime
📡 Bandwidth: ↓327 KB ↑406 KB
🔍 Checking node status...
✅ Node online: Anonymous (0x00789f...)
📊 Daily stats: 206 checks, 98 min uptime
📡 Bandwidth: ↓333 KB ↑418 KB
📅 New day detected, archiving stats for Sat Mar 14 2026
🔍 Checking node status...
✅ Node online: Anonymous (0x00789f...)
📊 Daily stats: 1 checks, 1 min uptime
📡 Bandwidth: ↓337 KB ↑428 KB
🔍 Checking node status...
✅ Node online: Anonymous (0x00789f...)
📊 Daily stats: 2 checks, 1 min uptime
📡 Bandwidth: ↓342 KB ↑440 KB
🔍 Checking node status...
✅ Node online: Anonymous (0x00789f...)
📊 Daily stats: 3 checks, 2 min uptime
📡 Bandwidth: ↓347 KB ↑451 KB
🔍 Checking node status...
✅ Node online: Anonymous (0x00789f...)
📊 Daily stats: 4 checks, 2 min uptime
📡 Bandwidth: ↓351 KB ↑461 KB
🔍 Checking node status...
✅ Node online: Anonymous (0x00789f...)
📊 Daily stats: 5 checks, 3 min uptime
📡 Bandwidth: ↓356 KB ↑472 KB
🔍 Checking node status...
✅ Node online: Anonymous (0x00789f...)
📊 Daily stats: 6 checks, 3 min uptime
📡 Bandwidth: ↓361 KB ↑484 KB
🔍 Checking node status...
✅ Node online: Anonymous (0x00789f...)
📊 Daily stats: 7 checks, 4 min uptime
📡 Bandwidth: ↓366 KB ↑495 KB
🔍 Checking node status...
✅ Node online: Anonymous (0x00789f...)
📊 Daily stats: 8 checks, 4 min uptime
📡 Bandwidth: ↓372 KB ↑506 KB
🔍 Checking node status...
✅ Node online: Anonymous (0x00789f...)
📊 Daily stats: 9 checks, 5 min uptime
📡 Bandwidth: ↓377 KB ↑518 KB
🔍 Checking node status...
✅ Node online: Anonymous (0x00789f...)
📊 Daily stats: 10 checks, 5 min uptime
📡 Bandwidth: ↓382 KB ↑529 KB
🔍 Checking node status...
✅ Node online: Anonymous (0x00789f...)
📊 Daily stats: 11 checks, 6 min uptime
📡 Bandwidth: ↓386 KB ↑539 KB
🔍 Checking node status...
✅ Node online: Anonymous (0x00789f...)
📊 Daily stats: 12 checks, 6 min uptime
📡 Bandwidth: ↓391 KB ↑550 KB
🔍 Checking node status...
✅ Node online: Anonymous (0x00789f...)
📊 Daily stats: 13 checks, 7 min uptime
📡 Bandwidth: ↓396 KB ↑561 KB
🔍 Checking node status...
✅ Node online: Anonymous (0x00789f...)
📊 Daily stats: 14 checks, 7 min uptime
📡 Bandwidth: ↓400 KB ↑572 KB
🔍 Checking node status...
✅ Node online: Anonymous (0x00789f...)
📊 Daily stats: 15 checks, 8 min uptime
📡 Bandwidth: ↓404 KB ↑582 KB
🔍 Checking node status...
✅ Node online: Anonymous (0x00789f...)
📊 Daily stats: 16 checks, 8 min uptime
📡 Bandwidth: ↓409 KB ↑594 KB
🔍 Checking node status...
✅ Node online: Anonymous (0x00789f...)
📊 Daily stats: 17 checks, 9 min uptime
📡 Bandwidth: ↓414 KB ↑605 KB
🔍 Checking node status...
✅ Node online: Anonymous (0x00789f...)
📊 Daily stats: 18 checks, 9 min uptime
📡 Bandwidth: ↓419 KB ↑615 KB
🔍 Checking node status...
✅ Node online: Anonymous (0x00789f...)
📊 Daily stats: 19 checks, 10 min uptime
📡 Bandwidth: ↓422 KB ↑626 KB
🔍 Checking node status...
✅ Node online: Anonymous (0x00789f...)
📊 Daily stats: 20 checks, 10 min uptime
📡 Bandwidth: ↓428 KB ↑637 KB
🔍 Checking node status...
✅ Node online: Anonymous (0x00789f...)
📊 Daily stats: 21 checks, 11 min uptime
📡 Bandwidth: ↓433 KB ↑648 KB
🔍 Checking node status...
✅ Node online: Anonymous (0x00789f...)
📊 Daily stats: 22 checks, 11 min uptime
📡 Bandwidth: ↓437 KB ↑659 KB
🔍 Checking node status...
✅ Node online: Anonymous (0x00789f...)
📊 Daily stats: 23 checks, 12 min uptime
📡 Bandwidth: ↓444 KB ↑671 KB
🔍 Checking node status...
✅ Node online: Anonymous (0x00789f...)
📊 Daily stats: 24 checks, 12 min uptime
📡 Bandwidth: ↓449 KB ↑682 KB
🔍 Checking node status...
✅ Node online: Anonymous (0x00789f...)
📊 Daily stats: 25 checks, 13 min uptime
📡 Bandwidth: ↓454 KB ↑693 KB
🔍 Checking node status...
✅ Node online: Anonymous (0x00789f...)
📊 Daily stats: 26 checks, 13 min uptime
📡 Bandwidth: ↓458 KB ↑704 KB
🔍 Checking node status...
✅ Node online: Anonymous (0x00789f...)
📊 Daily stats: 27 checks, 14 min uptime
📡 Bandwidth: ↓463 KB ↑715 KB
🔍 Checking node status...
✅ Node online: Anonymous (0x00789f...)
📊 Daily stats: 28 checks, 14 min uptime
📡 Bandwidth: ↓472 KB ↑732 KB
🔍 Checking node status...
✅ Node online: Anonymous (0x00789f...)
📊 Daily stats: 29 checks, 15 min uptime
📡 Bandwidth: ↓478 KB ↑746 KB
🔍 Checking node status...
✅ Node online: Anonymous (0x00789f...)
📊 Daily stats: 30 checks, 15 min uptime
📡 Bandwidth: ↓483 KB ↑757 KB
🔍 Checking node status...
✅ Node online: Anonymous (0x00789f...)
📊 Daily stats: 31 checks, 16 min uptime
📡 Bandwidth: ↓489 KB ↑768 KB
🔍 Checking node status...
✅ Node online: Anonymous (0x00789f...)
📊 Daily stats: 32 checks, 16 min uptime
📡 Bandwidth: ↓498 KB ↑783 KB
🔍 Checking node status...
✅ Node online: Anonymous (0x00789f...)
📊 Daily stats: 33 checks, 17 min uptime
📡 Bandwidth: ↓502 KB ↑794 KB
🔍 Checking node status...
✅ Node online: Anonymous (0x00789f...)
📊 Daily stats: 34 checks, 17 min uptime
📡 Bandwidth: ↓508 KB ↑805 KB
🔍 Checking node status...
✅ Node online: Anonymous (0x00789f...)
📊 Daily stats: 35 checks, 18 min uptime
📡 Bandwidth: ↓511 KB ↑815 KB
